<?xml version="1.0" encoding="UTF-8"?>
<!-- Generated by org.testng.reporters.JUnitReportReporter -->
<testsuite hostname="BSC-C3SR6C2" failures="0" tests="4" name="org.simplilearn.workshop.admin.adminDashboardTest" time="88.518" errors="0" timestamp="27 May 2021 14:22:15 GMT" skipped="0">
  <testcase classname="org.simplilearn.workshop.admin.adminDashboardTest" name="selectFeature" time="22.074"/>
  <testcase classname="org.simplilearn.workshop.admin.adminDashboardTest" name="userBlock" time="21.902"/>
  <testcase classname="org.simplilearn.workshop.admin.adminDashboardTest" name="userActivate" time="21.734"/>
  <testcase classname="org.simplilearn.workshop.admin.adminDashboardTest" name="chequeBookRequest" time="22.808"/>
</testsuite> <!-- org.simplilearn.workshop.admin.adminDashboardTest -->
