<?xml version="1.0" encoding="UTF-8"?>
<!-- Generated by org.testng.reporters.JUnitReportReporter -->
<testsuite hostname="BSC-C3SR6C2" failures="0" tests="8" name="org.simplilearn.workshop.user.userDashboardTest" time="164.754" errors="0" timestamp="27 May 2021 14:22:15 GMT" skipped="0">
  <testcase classname="org.simplilearn.workshop.user.userDashboardTest" name="deposit" time="20.898"/>
  <testcase classname="org.simplilearn.workshop.user.userDashboardTest" name="withdraw" time="21.770"/>
  <testcase classname="org.simplilearn.workshop.user.userDashboardTest" name="transfer" time="24.285"/>
  <testcase classname="org.simplilearn.workshop.user.userDashboardTest" name="requestCheckBook" time="20.332"/>
  <testcase classname="org.simplilearn.workshop.user.userDashboardTest" name="transactionHistory" time="17.110"/>
  <testcase classname="org.simplilearn.workshop.user.userDashboardTest" name="transferHistory" time="17.396"/>
  <testcase classname="org.simplilearn.workshop.user.userDashboardTest" name="editProfile" time="20.483"/>
  <testcase classname="org.simplilearn.workshop.user.userDashboardTest" name="changePassword" time="22.480"/>
</testsuite> <!-- org.simplilearn.workshop.user.userDashboardTest -->
