<?xml version="1.0" encoding="UTF-8"?>
<!-- Generated by org.testng.reporters.JUnitReportReporter -->
<testsuite hostname="BSC-C3SR6C2" failures="0" tests="1" name="org.simplilearn.workshop.admin.adminRegisterTest" time="10.966" errors="0" timestamp="27 May 2021 14:22:15 GMT" skipped="0">
  <testcase classname="org.simplilearn.workshop.admin.adminRegisterTest" name="adminRegister" time="10.966"/>
</testsuite> <!-- org.simplilearn.workshop.admin.adminRegisterTest -->
