<?xml version="1.0" encoding="UTF-8"?>
<!-- Generated by org.testng.reporters.JUnitReportReporter -->
<testsuite hostname="BSC-C3SR6C2" failures="0" tests="2" name="org.simplilearn.workshop.admin.adminKycTest" time="60.671" errors="0" timestamp="27 May 2021 14:22:15 GMT" skipped="0">
  <testcase classname="org.simplilearn.workshop.admin.adminKycTest" name="kycAccept" time="37.942"/>
  <testcase classname="org.simplilearn.workshop.admin.adminKycTest" name="kycReject" time="22.729"/>
</testsuite> <!-- org.simplilearn.workshop.admin.adminKycTest -->
